⠋ Exporting...[expo-cli] --non-interactive is not supported, use $CI=1 instead
⠋ Exporting...⠙ Exporting...⠹ Exporting...⠸ Exporting...⠼ Exporting...[expo-cli] env: load .env.production .env
⠋ Exporting...⠙ Exporting...⠹ Exporting...⠸ Exporting...⠼ Exporting...⠴ Exporting...⠦ Exporting...[expo-cli] env: export EXPO_PUBLIC_FIREBASE_API_KEY EXPO_PUBLIC_FIREBASE_AUTH_DOMAIN EXPO_PUBLIC_FIREBASE_PROJECT_ID EXPO_PUBLIC_FIREBASE_STORAGE_BUCKET EXPO_PUBLIC_FIREBASE_MESSAGING_SENDER_ID EXPO_PUBLIC_FIREBASE_APP_ID EXPO_PUBLIC_FIREBASE_MEASUREMENT_ID
⠋ Exporting...[expo-cli] React Compiler enabled
⠋ Exporting...⠙ Exporting...⠹ Exporting...⠸ Exporting...[expo-cli] Starting Metro Bundler
⠋ Exporting...⠙ Exporting...⠹ Exporting...⠸ Exporting...⠼ Exporting...⠴ Exporting...⠦ Exporting...⠧ Exporting...⠇ Exporting...⠏ Exporting...⠋ Exporting...⠙ Exporting...⠹ Exporting...⠸ Exporting...⠼ Exporting...⠴ Exporting...⠦ Exporting...⠧ Exporting...⠇ Exporting...⠏ Exporting...⠋ Exporting...⠙ Exporting...⠹ Exporting...⠸ Exporting...⠼ Exporting...⠴ Exporting...⠦ Exporting...⠧ Exporting...⠇ Exporting...⠏ Exporting...⠋ Exporting...⠙ Exporting...⠹ Exporting...⠸ Exporting...⠼ Exporting...⠴ Exporting...⠦ Exporting...⠧ Exporting...⠇ Exporting...⠏ Exporting...⠋ Exporting...⠙ Exporting...⠹ Exporting...⠸ Exporting...⠼ Exporting...⠴ Exporting...⠦ Exporting...⠧ Exporting...⠇ Exporting...⠏ Exporting...⠋ Exporting...⠙ Exporting...⠹ Exporting...⠸ Exporting...⠼ Exporting...⠴ Exporting...⠦ Exporting...⠧ Exporting...⠇ Exporting...⠏ Exporting...⠋ Exporting...⠙ Exporting...⠹ Exporting...⠸ Exporting...⠼ Exporting...⠴ Exporting...⠦ Exporting...⠧ Exporting...⠇ Exporting...⠏ Exporting...⠋ Exporting...⠙ Exporting...⠹ Exporting...⠸ Exporting...⠼ Exporting...⠴ Exporting...⠦ Exporting...⠧ Exporting...[expo-cli] iOS node_modules/expo-router/entry.js ░░░░░░░░░░░░░░░░  0.0% (0/1)
⠋ Exporting...[expo-cli] Android node_modules/expo-router/entry.js ░░░░░░░░░░░░░░░░  0.0% (0/1)
⠋ Exporting...⠙ Exporting...⠹ Exporting...⠸ Exporting...⠼ Exporting...⠴ Exporting...⠦ Exporting...⠧ Exporting...⠇ Exporting...⠏ Exporting...⠋ Exporting...⠙ Exporting...⠹ Exporting...⠸ Exporting...⠼ Exporting...⠴ Exporting...⠦ Exporting...⠧ Exporting...⠇ Exporting...⠏ Exporting...⠋ Exporting...⠙ Exporting...⠹ Exporting...⠸ Exporting...⠼ Exporting...⠴ Exporting...⠦ Exporting...⠧ Exporting...⠇ Exporting...⠏ Exporting...⠋ Exporting...⠙ Exporting...⠹ Exporting...⠸ Exporting...⠼ Exporting...⠴ Exporting...⠦ Exporting...⠧ Exporting...⠇ Exporting...⠏ Exporting...⠋ Exporting...⠙ Exporting...⠹ Exporting...[expo-cli] iOS node_modules/expo-router/entry.js ▓▓▓▓▓▓▓▓▓▓▓▓▓▓▓░ 99.5% (1647/1651)
⠋ Exporting...[expo-cli] Android node_modules/expo-router/entry.js ▓▓▓▓▓▓▓▓▓▓▓▓▓▓▓░ 99.8% (1681/1683)
⠋ Exporting...⠙ Exporting...⠹ Exporting...⠸ Exporting...⠼ Exporting...⠴ Exporting...⠦ Exporting...⠧ Exporting...⠇ Exporting...⠏ Exporting...⠋ Exporting...⠙ Exporting...⠹ Exporting...⠸ Exporting...⠼ Exporting...⠴ Exporting...⠦ Exporting...⠧ Exporting...⠇ Exporting...⠏ Exporting...⠋ Exporting...⠙ Exporting...⠹ Exporting...⠸ Exporting...⠼ Exporting...⠴ Exporting...⠦ Exporting...⠧ Exporting...⠇ Exporting...⠏ Exporting...⠋ Exporting...⠙ Exporting...⠹ Exporting...⠸ Exporting...⠼ Exporting...⠴ Exporting...⠦ Exporting...⠧ Exporting...⠇ Exporting...⠏ Exporting...⠋ Exporting...⠙ Exporting...⠹ Exporting...⠸ Exporting...[expo-cli] iOS node_modules/expo-router/entry.js ▓▓▓▓▓▓▓▓▓▓▓▓▓▓▓░ 99.9% (1686/1686)
⠋ Exporting...[expo-cli] Android node_modules/expo-router/entry.js ▓▓▓▓▓▓▓▓▓▓▓▓▓▓▓░ 99.9% (1685/1685)
⠋ Exporting...⠙ Exporting...⠹ Exporting...⠸ Exporting...⠼ Exporting...⠴ Exporting...⠦ Exporting...⠧ Exporting...⠇ Exporting...⠏ Exporting...⠋ Exporting...⠙ Exporting...⠹ Exporting...⠸ Exporting...⠼ Exporting...⠴ Exporting...⠦ Exporting...⠧ Exporting...⠇ Exporting...⠏ Exporting...⠋ Exporting...⠙ Exporting...⠹ Exporting...⠸ Exporting...⠼ Exporting...⠴ Exporting...⠦ Exporting...⠧ Exporting...⠇ Exporting...⠏ Exporting...⠋ Exporting...⠙ Exporting...[expo-cli] Android Bundled 9616ms node_modules/expo-router/entry.js (1685 modules)
⠋ Exporting...⠙ Exporting...⠹ Exporting...⠸ Exporting...⠼ Exporting...⠴ Exporting...⠦ Exporting...⠧ Exporting...⠇ Exporting...⠏ Exporting...⠋ Exporting...⠙ Exporting...⠹ Exporting...⠸ Exporting...⠼ Exporting...⠴ Exporting...⠦ Exporting...⠧ Exporting...⠇ Exporting...⠏ Exporting...⠋ Exporting...⠙ Exporting...⠹ Exporting...⠸ Exporting...⠼ Exporting...⠴ Exporting...⠦ Exporting...⠧ Exporting...⠇ Exporting...⠏ Exporting...⠋ Exporting...⠙ Exporting...⠹ Exporting...⠸ Exporting...⠼ Exporting...⠴ Exporting...⠦ Exporting...⠧ Exporting...⠇ Exporting...⠏ Exporting...⠋ Exporting...⠙ Exporting...⠹ Exporting...⠸ Exporting...⠼ Exporting...⠴ Exporting...⠦ Exporting...⠧ Exporting...⠇ Exporting...⠏ Exporting...⠋ Exporting...⠙ Exporting...⠹ Exporting...⠸ Exporting...⠼ Exporting...[expo-cli] iOS node_modules/expo-router/entry.js ▓▓▓▓▓▓▓▓▓▓▓▓▓▓▓░ 99.9% (1686/1686)
⠋ Exporting...⠙ Exporting...[expo-cli] iOS Bundled 14132ms node_modules/expo-router/entry.js (1686 modules)
⠋ Exporting...[expo-cli] iOS node_modules/expo-router/entry.js ▓▓▓▓▓▓▓▓▓▓▓▓▓▓▓░ 99.9% (1686/1686)
⠋ Exporting...⠙ Exporting...⠹ Exporting...[expo-cli] Creating asset map
⠋ Exporting...[expo-cli] Static rendering is enabled. Learn more: https://docs.expo.dev/router/reference/static-rendering/
⠋ Exporting...⠙ Exporting...⠹ Exporting...⠸ Exporting...⠼ Exporting...⠴ Exporting...⠦ Exporting...⠧ Exporting...⠇ Exporting...⠏ Exporting...⠋ Exporting...⠙ Exporting...⠹ Exporting...⠸ Exporting...⠼ Exporting...⠴ Exporting...⠦ Exporting...⠧ Exporting...⠇ Exporting...⠏ Exporting...[expo-cli] λ Bundled 1558ms node_modules/expo-router/node/render.js (1490 modules)
⠋ Exporting...⠙ Exporting...⠹ Exporting...⠸ Exporting...⠼ Exporting...⠴ Exporting...⠦ Exporting...⠧ Exporting...⠇ Exporting...⠏ Exporting...⠋ Exporting...⠙ Exporting...⠹ Exporting...⠸ Exporting...[expo-cli] [expo-av]: Expo AV has been deprecated and will be removed in SDK 54. Use the `expo-audio` and `expo-video` packages to replace the required functionality.
⠋ Exporting...[expo-cli] [expo-notifications] Listening to push token changes is not yet fully supported on web. Adding a listener will have no effect.
⠋ Exporting...⠙ Exporting...[expo-cli] 
⠋ Exporting...[expo-cli] Metro error: (0 , u.requireNativeComponent) is not a function
⠋ Exporting...[expo-cli] 
⠋ Exporting...[expo-cli] Code: ModernVideoPlayer.tsx
⠋ Exporting...[expo-cli] [0m [90m 38 |[39m [36mimport[39m { [33mMovie[39m[33m,[39m [33mSeries[39m } [36mfrom[39m [32m"@/constants/movieData"[39m[33m;[39m
⠋ Exporting...[expo-cli]  [90m 39 |[39m [36mimport[39m { useUser } [36mfrom[39m [32m"@/app/context/UserContext"[39m[33m;[39m
⠋ Exporting...[expo-cli] [31m[1m>[22m[39m[90m 40 |[39m [36mimport[39m [33mGoogleCast[39m[33m,[39m { [33mCastButton[39m[33m,[39m [33mCastContext[39m[33m,[39m useCastSession } [36mfrom[39m [32m'react-native-google-cast'[39m[33m;[39m
⠋ Exporting...[expo-cli]  [90m    |[39m [31m[1m^[22m[39m
⠋ Exporting...[expo-cli]  [90m 41 |[39m
⠋ Exporting...[expo-cli]  [90m 42 |[39m [90m// Static dimensions for fallback, but we primarily use useWindowDimensions hook inside component[39m
⠋ Exporting...[expo-cli]  [90m 43 |[39m [36mconst[39m { width[33m:[39m [33mSTATIC_W[39m[33m,[39m height[33m:[39m [33mSTATIC_H[39m } [33m=[39m [33mDimensions[39m[33m.[39m[36mget[39m([32m"window"[39m)[33m;[39m[0m
⠋ Exporting...[expo-cli] Call Stack
⠋ Exporting...[expo-cli]   factory (components/ModernVideoPlayer.tsx:40)
⠋ Exporting...[expo-cli] TypeError: (0 , u.requireNativeComponent) is not a function
⠋ Exporting...[expo-cli] TypeError: (0 , u.requireNativeComponent) is not a function
⠋ Exporting...[expo-cli]     at factory (/Users/hkfiles/Desktop/hk app/movieApp/node_modules/react-native-google-cast/lib/commonjs/components/CastButton.js:31:43)
⠋ Exporting...[expo-cli]     at loadModuleImplementation (/Users/hkfiles/Desktop/hk app/movieApp/node_modules/expo/node_modules/@expo/cli/build/metro-require/require.js:248:36)
⠋ Exporting...[expo-cli]     at guardedLoadModule (/Users/hkfiles/Desktop/hk app/movieApp/node_modules/expo/node_modules/@expo/cli/build/metro-require/require.js:163:16)
⠋ Exporting...[expo-cli]     at require (/Users/hkfiles/Desktop/hk app/movieApp/node_modules/expo/node_modules/@expo/cli/build/metro-require/require.js:74:75)
⠋ Exporting...[expo-cli]     at factory (/Users/hkfiles/Desktop/hk app/movieApp/node_modules/react-native-google-cast/lib/commonjs/index.js:177:42)
⠋ Exporting...[expo-cli]     at loadModuleImplementation (/Users/hkfiles/Desktop/hk app/movieApp/node_modules/expo/node_modules/@expo/cli/build/metro-require/require.js:248:36)
⠋ Exporting...[expo-cli]     at guardedLoadModule (/Users/hkfiles/Desktop/hk app/movieApp/node_modules/expo/node_modules/@expo/cli/build/metro-require/require.js:163:16)
⠋ Exporting...[expo-cli]     at r (/Users/hkfiles/Desktop/hk app/movieApp/node_modules/expo/node_modules/@expo/cli/build/metro-require/require.js:74:75)
⠋ Exporting...[expo-cli]     at factory (/Users/hkfiles/Desktop/hk app/movieApp/components/ModernVideoPlayer.tsx:40:1)
⠋ Exporting...[expo-cli]     at f (/Users/hkfiles/Desktop/hk app/movieApp/node_modules/expo/node_modules/@expo/cli/build/metro-require/require.js:248:36)
⠋ Exporting...✖ Export failed
/Users/hkfiles/Desktop/hk app/movieApp/node_modules/expo/bin/cli export --output-dir dist --experimental-bundle --non-interactive --dump-sourcemap --dump-assetmap --platform=all exited with non-zero code: 1
    Error: update command failed.
